<?xml version="1.0" encoding="UTF-8"?>
<!-- Generated by org.testng.reporters.JUnitXMLReporter -->
<testsuite hostname="sandhya-rai.lan" name="login" tests="1" failures="1" timestamp="11 Feb 2021 00:38:41 GMT" time="43.274" errors="0">
  <testcase name="TC6_verifyUserEditProfileFunctionality" time="35.746" classname="com.sf.tests.ProfilePageTest">
    <failure type="java.lang.AssertionError" message="expected [Test] but found [sandhya testTestTest ]">
      <![CDATA[java.lang.AssertionError: expected [Test] but found [sandhya testTestTest ]
	at com.sf.tests.ProfilePageTest.TC6_verifyUserEditProfileFunctionality(ProfilePageTest.java:54)
... Removed 31 stack frames]]>
    </failure>
  </testcase> <!-- TC6_verifyUserEditProfileFunctionality -->
</testsuite> <!-- login -->
