<?xml version="1.0" encoding="UTF-8"?>
<testng-results skipped="0" failed="1" total="1" passed="0">
  <reporter-output>
  </reporter-output>
  <suite name="Regression Suite" duration-ms="43274" started-at="2021-02-11T00:37:57Z" finished-at="2021-02-11T00:38:40Z">
    <groups>
    </groups>
    <test name="login" duration-ms="43274" started-at="2021-02-11T00:37:57Z" finished-at="2021-02-11T00:38:40Z">
      <class name="com.sf.tests.ProfilePageTest">
        <test-method status="PASS" signature="TriggerDependencies()[pri:0, instance:com.sf.tests.ProfilePageTest@5cb9f472]" name="TriggerDependencies" is-config="true" duration-ms="1864" started-at="2021-02-10T16:37:55Z" finished-at="2021-02-10T16:37:57Z">
          <reporter-output>
          </reporter-output>
        </test-method> <!-- TriggerDependencies -->
        <test-method status="PASS" signature="settingUpEnvironment()[pri:0, instance:com.sf.tests.ProfilePageTest@5cb9f472]" name="settingUpEnvironment" is-config="true" duration-ms="20" started-at="2021-02-10T16:37:57Z" finished-at="2021-02-10T16:37:57Z">
          <reporter-output>
          </reporter-output>
        </test-method> <!-- settingUpEnvironment -->
        <test-method status="PASS" signature="settingReqURL()[pri:0, instance:com.sf.tests.ProfilePageTest@5cb9f472]" name="settingReqURL" is-config="true" duration-ms="584" started-at="2021-02-10T16:37:57Z" finished-at="2021-02-10T16:37:58Z">
          <reporter-output>
          </reporter-output>
        </test-method> <!-- settingReqURL -->
        <test-method status="FAIL" signature="TC6_verifyUserEditProfileFunctionality()[pri:0, instance:com.sf.tests.ProfilePageTest@5cb9f472]" name="TC6_verifyUserEditProfileFunctionality" duration-ms="35746" started-at="2021-02-10T16:37:58Z" finished-at="2021-02-10T16:38:33Z">
          <exception class="java.lang.AssertionError">
            <message>
              <![CDATA[expected [Test] but found [sandhya testTestTest ]]]>
            </message>
            <full-stacktrace>
              <![CDATA[java.lang.AssertionError: expected [Test] but found [sandhya testTestTest ]
	at org.testng.Assert.fail(Assert.java:94)
	at org.testng.Assert.failNotEquals(Assert.java:513)
	at org.testng.Assert.assertEqualsImpl(Assert.java:135)
	at org.testng.Assert.assertEquals(Assert.java:116)
	at org.testng.Assert.assertEquals(Assert.java:190)
	at org.testng.Assert.assertEquals(Assert.java:200)
	at com.sf.tests.ProfilePageTest.TC6_verifyUserEditProfileFunctionality(ProfilePageTest.java:54)
	at sun.reflect.NativeMethodAccessorImpl.invoke0(Native Method)
	at sun.reflect.NativeMethodAccessorImpl.invoke(NativeMethodAccessorImpl.java:62)
	at sun.reflect.DelegatingMethodAccessorImpl.invoke(DelegatingMethodAccessorImpl.java:43)
	at java.lang.reflect.Method.invoke(Method.java:498)
	at org.testng.internal.MethodInvocationHelper.invokeMethod(MethodInvocationHelper.java:86)
	at org.testng.internal.Invoker.invokeMethod(Invoker.java:646)
	at org.testng.internal.Invoker.invokeTestMethod(Invoker.java:823)
	at org.testng.internal.Invoker.invokeTestMethods(Invoker.java:1131)
	at org.testng.internal.TestMethodWorker.invokeTestMethods(TestMethodWorker.java:129)
	at org.testng.internal.TestMethodWorker.run(TestMethodWorker.java:112)
	at org.testng.TestRunner.privateRun(TestRunner.java:778)
	at org.testng.TestRunner.run(TestRunner.java:632)
	at org.testng.SuiteRunner.runTest(SuiteRunner.java:366)
	at org.testng.SuiteRunner.runSequentially(SuiteRunner.java:361)
	at org.testng.SuiteRunner.privateRun(SuiteRunner.java:319)
	at org.testng.SuiteRunner.run(SuiteRunner.java:268)
	at org.testng.SuiteRunnerWorker.runSuite(SuiteRunnerWorker.java:52)
	at org.testng.SuiteRunnerWorker.run(SuiteRunnerWorker.java:86)
	at org.testng.TestNG.runSuitesSequentially(TestNG.java:1225)
	at org.testng.TestNG.runSuitesLocally(TestNG.java:1150)
	at org.testng.TestNG.runSuites(TestNG.java:1075)
	at org.testng.TestNG.run(TestNG.java:1047)
	at org.testng.remote.AbstractRemoteTestNG.run(AbstractRemoteTestNG.java:126)
	at org.testng.remote.RemoteTestNG.initAndRun(RemoteTestNG.java:137)
	at org.testng.remote.RemoteTestNG.main(RemoteTestNG.java:58)
]]>
            </full-stacktrace>
          </exception> <!-- java.lang.AssertionError -->
          <reporter-output>
          </reporter-output>
        </test-method> <!-- TC6_verifyUserEditProfileFunctionality -->
        <test-method status="PASS" signature="ShuttingDownAllDependencies()[pri:0, instance:com.sf.tests.ProfilePageTest@5cb9f472]" name="ShuttingDownAllDependencies" is-config="true" duration-ms="126" started-at="2021-02-10T16:38:41Z" finished-at="2021-02-10T16:38:41Z">
          <reporter-output>
          </reporter-output>
        </test-method> <!-- ShuttingDownAllDependencies -->
      </class> <!-- com.sf.tests.ProfilePageTest -->
    </test> <!-- login -->
  </suite> <!-- Regression Suite -->
</testng-results>
